<?xml version="1.0" encoding="UTF-8"?>
<!-- Generated by org.testng.reporters.JUnitXMLReporter -->
<testsuite ignored="0" hostname="DESKTOP-9A9E7ON" failures="0" tests="1" name="Surefire test" time="0.038" errors="0" timestamp="2022-10-09T21:33:48 PDT">
  <testcase classname="com.automation.components.TestActions" name="@BeforeSuite setUpConfigurations" time="0.012">
    <failure type="java.io.FileNotFoundException" message="F:\Dropbox\QA\Maven\Practicles\SeleniumAutomationLibrary\SeleniumAutomationLibrary\src\test\resources\configs.properties (The system cannot find the file specified)">
      <![CDATA[java.io.FileNotFoundException: F:\Dropbox\QA\Maven\Practicles\SeleniumAutomationLibrary\SeleniumAutomationLibrary\src\test\resources\configs.properties (The system cannot find the file specified)
at java.base/java.io.FileInputStream.open0(Native Method)
at java.base/java.io.FileInputStream.open(FileInputStream.java:216)
at java.base/java.io.FileInputStream.<init>(FileInputStream.java:157)
at java.base/java.io.FileInputStream.<init>(FileInputStream.java:111)
at com.automation.properties.PropertiesLoader.initializeProperties(PropertiesLoader.java:28)
at com.automation.components.TestActions.setUpConfigurations(TestActions.java:26)
... Removed 22 stack frames]]>
    </failure>
  </testcase> <!-- @BeforeSuite setUpConfigurations -->
  <testcase classname="com.automation.components.TestActions" name="@BeforeMethod setupBrowser" time="-1.665376428312E9">
    <skipped/>
  </testcase> <!-- @BeforeMethod setupBrowser -->
  <testcase classname="com.automation.components.TestActions" name="@AfterMethod testDownBrowser" time="-1.665376428314E9">
    <skipped/>
  </testcase> <!-- @AfterMethod testDownBrowser -->
  <testcase classname="SampleTest" name="loadBrowserTest" time="0.0">
    <skipped/>
  </testcase> <!-- loadBrowserTest -->
</testsuite> <!-- Surefire test -->
