-------------------------------------------------------------------------------
Test set: SampleTest
-------------------------------------------------------------------------------
Tests run: 5, Failures: 1, Errors: 0, Skipped: 4, Time elapsed: 0.921 s <<< FAILURE! - in SampleTest
setUpConfigurations(SampleTest)  Time elapsed: 0.647 s  <<< FAILURE!
java.io.FileNotFoundException: F:\Dropbox\QA\Maven\Practicles\SeleniumAutomationLibrary\SeleniumAutomationLibrary\src\test\resources\configs.properties (The system cannot find the file specified)

