<?xml version="1.0" encoding="UTF-8"?>
<testng-results ignored="0" total="1" passed="0" failed="0" skipped="1">
  <reporter-output>
  </reporter-output>
  <suite started-at="2022-10-09T21:33:48 PDT" name="Surefire suite" finished-at="2022-10-09T21:33:48 PDT" duration-ms="38">
    <groups>
    </groups>
    <test started-at="2022-10-09T21:33:48 PDT" name="Surefire test" finished-at="2022-10-09T21:33:48 PDT" duration-ms="38">
      <class name="SampleTest">
        <test-method is-config="true" signature="setUpConfigurations()[pri:0, instance:SampleTest@69b794e2]" started-at="2022-10-09T21:33:48 PDT" name="setUpConfigurations" finished-at="2022-10-09T21:33:48 PDT" duration-ms="12" status="FAIL">
          <exception class="java.io.FileNotFoundException">
            <message>
              <![CDATA[F:\Dropbox\QA\Maven\Practicles\SeleniumAutomationLibrary\SeleniumAutomationLibrary\src\test\resources\configs.properties (The system cannot find the file specified)]]>
            </message>
            <full-stacktrace>
              <![CDATA[java.io.FileNotFoundException: F:\Dropbox\QA\Maven\Practicles\SeleniumAutomationLibrary\SeleniumAutomationLibrary\src\test\resources\configs.properties (The system cannot find the file specified)
at java.base/java.io.FileInputStream.open0(Native Method)
at java.base/java.io.FileInputStream.open(FileInputStream.java:216)
at java.base/java.io.FileInputStream.<init>(FileInputStream.java:157)
at java.base/java.io.FileInputStream.<init>(FileInputStream.java:111)
at com.automation.properties.PropertiesLoader.initializeProperties(PropertiesLoader.java:28)
at com.automation.components.TestActions.setUpConfigurations(TestActions.java:26)
at java.base/jdk.internal.reflect.DirectMethodHandleAccessor.invoke(DirectMethodHandleAccessor.java:104)
at java.base/java.lang.reflect.Method.invoke(Method.java:577)
at org.testng.internal.MethodInvocationHelper.invokeMethod(MethodInvocationHelper.java:133)
at org.testng.internal.MethodInvocationHelper.invokeMethodConsideringTimeout(MethodInvocationHelper.java:62)
at org.testng.internal.ConfigInvoker.invokeConfigurationMethod(ConfigInvoker.java:385)
at org.testng.internal.ConfigInvoker.invokeConfigurations(ConfigInvoker.java:321)
at org.testng.SuiteRunner.privateRun(SuiteRunner.java:317)
at org.testng.SuiteRunner.run(SuiteRunner.java:276)
at org.testng.SuiteRunnerWorker.runSuite(SuiteRunnerWorker.java:53)
at org.testng.SuiteRunnerWorker.run(SuiteRunnerWorker.java:96)
at org.testng.TestNG.runSuitesSequentially(TestNG.java:1212)
at org.testng.TestNG.runSuitesLocally(TestNG.java:1134)
at org.testng.TestNG.runSuites(TestNG.java:1063)
at org.testng.TestNG.run(TestNG.java:1031)
at org.apache.maven.surefire.testng.TestNGExecutor.run(TestNGExecutor.java:135)
at org.apache.maven.surefire.testng.TestNGDirectoryTestSuite.executeSingleClass(TestNGDirectoryTestSuite.java:112)
at org.apache.maven.surefire.testng.TestNGDirectoryTestSuite.execute(TestNGDirectoryTestSuite.java:99)
at org.apache.maven.surefire.testng.TestNGProvider.invoke(TestNGProvider.java:146)
at org.apache.maven.surefire.booter.ForkedBooter.invokeProviderInSameClassLoader(ForkedBooter.java:384)
at org.apache.maven.surefire.booter.ForkedBooter.runSuitesInProcess(ForkedBooter.java:345)
at org.apache.maven.surefire.booter.ForkedBooter.execute(ForkedBooter.java:126)
at org.apache.maven.surefire.booter.ForkedBooter.main(ForkedBooter.java:418)
]]>
            </full-stacktrace>
          </exception> <!-- java.io.FileNotFoundException -->
          <reporter-output>
          </reporter-output>
        </test-method> <!-- setUpConfigurations -->
        <test-method is-config="true" signature="setupBrowser()[pri:0, instance:SampleTest@69b794e2]" started-at="2022-10-09T21:33:48 PDT" name="setupBrowser" finished-at="1969-12-31T16:00:00 PST" duration-ms="-1665376428312" status="SKIP">
          <reporter-output>
          </reporter-output>
        </test-method> <!-- setupBrowser -->
        <test-method signature="loadBrowserTest()[pri:0, instance:SampleTest@69b794e2]" started-at="2022-10-09T21:33:48 PDT" name="loadBrowserTest" finished-at="2022-10-09T21:33:48 PDT" duration-ms="0" status="SKIP">
          <exception class="java.io.FileNotFoundException">
            <message>
              <![CDATA[F:\Dropbox\QA\Maven\Practicles\SeleniumAutomationLibrary\SeleniumAutomationLibrary\src\test\resources\configs.properties (The system cannot find the file specified)]]>
            </message>
            <full-stacktrace>
              <![CDATA[java.io.FileNotFoundException: F:\Dropbox\QA\Maven\Practicles\SeleniumAutomationLibrary\SeleniumAutomationLibrary\src\test\resources\configs.properties (The system cannot find the file specified)
at java.base/java.io.FileInputStream.open0(Native Method)
at java.base/java.io.FileInputStream.open(FileInputStream.java:216)
at java.base/java.io.FileInputStream.<init>(FileInputStream.java:157)
at java.base/java.io.FileInputStream.<init>(FileInputStream.java:111)
at com.automation.properties.PropertiesLoader.initializeProperties(PropertiesLoader.java:28)
at com.automation.components.TestActions.setUpConfigurations(TestActions.java:26)
at java.base/jdk.internal.reflect.DirectMethodHandleAccessor.invoke(DirectMethodHandleAccessor.java:104)
at java.base/java.lang.reflect.Method.invoke(Method.java:577)
at org.testng.internal.MethodInvocationHelper.invokeMethod(MethodInvocationHelper.java:133)
at org.testng.internal.MethodInvocationHelper.invokeMethodConsideringTimeout(MethodInvocationHelper.java:62)
at org.testng.internal.ConfigInvoker.invokeConfigurationMethod(ConfigInvoker.java:385)
at org.testng.internal.ConfigInvoker.invokeConfigurations(ConfigInvoker.java:321)
at org.testng.SuiteRunner.privateRun(SuiteRunner.java:317)
at org.testng.SuiteRunner.run(SuiteRunner.java:276)
at org.testng.SuiteRunnerWorker.runSuite(SuiteRunnerWorker.java:53)
at org.testng.SuiteRunnerWorker.run(SuiteRunnerWorker.java:96)
at org.testng.TestNG.runSuitesSequentially(TestNG.java:1212)
at org.testng.TestNG.runSuitesLocally(TestNG.java:1134)
at org.testng.TestNG.runSuites(TestNG.java:1063)
at org.testng.TestNG.run(TestNG.java:1031)
at org.apache.maven.surefire.testng.TestNGExecutor.run(TestNGExecutor.java:135)
at org.apache.maven.surefire.testng.TestNGDirectoryTestSuite.executeSingleClass(TestNGDirectoryTestSuite.java:112)
at org.apache.maven.surefire.testng.TestNGDirectoryTestSuite.execute(TestNGDirectoryTestSuite.java:99)
at org.apache.maven.surefire.testng.TestNGProvider.invoke(TestNGProvider.java:146)
at org.apache.maven.surefire.booter.ForkedBooter.invokeProviderInSameClassLoader(ForkedBooter.java:384)
at org.apache.maven.surefire.booter.ForkedBooter.runSuitesInProcess(ForkedBooter.java:345)
at org.apache.maven.surefire.booter.ForkedBooter.execute(ForkedBooter.java:126)
at org.apache.maven.surefire.booter.ForkedBooter.main(ForkedBooter.java:418)
]]>
            </full-stacktrace>
          </exception> <!-- java.io.FileNotFoundException -->
          <reporter-output>
          </reporter-output>
        </test-method> <!-- loadBrowserTest -->
        <test-method is-config="true" signature="testDownBrowser()[pri:0, instance:SampleTest@69b794e2]" started-at="2022-10-09T21:33:48 PDT" name="testDownBrowser" finished-at="1969-12-31T16:00:00 PST" duration-ms="-1665376428314" status="SKIP">
          <reporter-output>
          </reporter-output>
        </test-method> <!-- testDownBrowser -->
        <test-method is-config="true" signature="teardownObjects()[pri:0, instance:SampleTest@69b794e2]" started-at="2022-10-09T21:33:48 PDT" name="teardownObjects" finished-at="1969-12-31T16:00:00 PST" duration-ms="-1665376428403" status="SKIP">
          <reporter-output>
          </reporter-output>
        </test-method> <!-- teardownObjects -->
      </class> <!-- SampleTest -->
    </test> <!-- Surefire test -->
  </suite> <!-- Surefire suite -->
</testng-results>
